<component name="libraryTable">
  <library name="junit-4.12">
    <CLASSES>
      <root url="jar://$PROJECT_DIR$/../library-sp19/javalib/junit-4.12.jar!/" />
      <root url="jar://$PROJECT_DIR$/../library-sp19/javalib/stdlib.jar!/" />
      <root url="jar://$PROJECT_DIR$/../library-sp19/javalib/stdlib-package.jar!/" />
    </CLASSES>
    <JAVADOC />
    <SOURCES>
      <root url="jar://$PROJECT_DIR$/../library-sp19/javalib/stdlib.jar!/" />
      <root url="jar://$PROJECT_DIR$/../library-sp19/javalib/stdlib-package.jar!/" />
    </SOURCES>
  </library>
</component>